39 error Error: Command failed: git commit -F C:\Users\user\AppData\Local\Temp\552ea9b2-687a-497f-ac1e-4cff738f0959\lerna-commit.txt
39 error husky > pre-commit (node v10.17.0)
39 error sh: lint-staged: command not found
39 error husky > pre-commit hook failed (add --no-verify to bypass)
39 error error Command failed with exit code 127.
39 error Can't find Husky, skipping pre-commit hook
39 error You can reinstall it using 'npm install husky --save-dev' or delete this hook
39 error husky > commit-msg (node v10.17.0)
39 error ⧗   input: Publish
39 error
39 error  - @agnijs/agni-ui@0.0.1
39 error ✖   subject may not be empty [subject-empty]
39 error ✖   type may not be empty [type-empty]
39 error
39 error ✖   found 2 problems, 0 warnings
39 error ⓘ   Get help: https://github.com/conventional-changelog/commitlint/#what-is-commitlint
39 error
39 error husky > commit-msg hook failed (add --no-verify to bypass)
39 error error Command failed with exit code 1.
39 error
39 error     at makeError (D:\Projects\agranara\agnijs\node_modules\execa\index.js:174:9)
39 error     at Promise.all.then.arr (D:\Projects\agranara\agnijs\node_modules\execa\index.js:278:16)
